[debug] [2019-05-18T05:53:48.934Z] ----------------------------------------------------------------------
[debug] [2019-05-18T05:53:48.936Z] Command:       /Users/hxdegawa/.anyenv/envs/ndenv/versions/10.15.3/bin/node /Users/hxdegawa/.anyenv/envs/ndenv/versions/10.15.3/bin/firebase serve
[debug] [2019-05-18T05:53:48.936Z] CLI Version:   6.9.2
[debug] [2019-05-18T05:53:48.936Z] Platform:      darwin
[debug] [2019-05-18T05:53:48.936Z] Node Version:  v10.15.3
[debug] [2019-05-18T05:53:48.937Z] Time:          Sat May 18 2019 14:53:48 GMT+0900 (GMT+09:00)
[debug] [2019-05-18T05:53:48.937Z] ----------------------------------------------------------------------
[debug] 
[debug] [2019-05-18T05:53:48.954Z] > command requires scopes: ["email","openid","https://www.googleapis.com/auth/cloudplatformprojects.readonly","https://www.googleapis.com/auth/firebase","https://www.googleapis.com/auth/cloud-platform"]
[debug] [2019-05-18T05:53:48.954Z] > authorizing via signed-in user
[debug] [2019-05-18T05:53:48.954Z] [iam] checking project poyoing-bb71d for permissions ["firebase.projects.get"]
[debug] [2019-05-18T05:53:48.955Z] > refreshing access token with scopes: ["email","https://www.googleapis.com/auth/cloud-platform","https://www.googleapis.com/auth/cloudplatformprojects.readonly","https://www.googleapis.com/auth/firebase","openid"]
[debug] [2019-05-18T05:53:48.955Z] >>> HTTP REQUEST POST https://www.googleapis.com/oauth2/v3/token  
 <request body omitted>
[debug] [2019-05-18T05:53:52.135Z] <<< HTTP RESPONSE 200
[debug] [2019-05-18T05:53:52.155Z] >>> HTTP REQUEST POST https://cloudresourcemanager.googleapis.com/v1/projects/poyoing-bb71d:testIamPermissions  

[debug] [2019-05-18T05:53:52.919Z] <<< HTTP RESPONSE 200
[debug] [2019-05-18T05:53:52.919Z] >>> HTTP REQUEST GET https://cloudresourcemanager.googleapis.com/v1/projects/poyoing-bb71d  
 
[debug] [2019-05-18T05:53:53.650Z] <<< HTTP RESPONSE 200
[info] 
[info] === Serving from '/Users/hxdegawa/Codes/chatter'...
[info] 
[warn] ⚠  Your functions directory does not specify a Node version.
   - Learn more at https://firebase.google.com/docs/functions/manage-functions#set_runtime_options
[debug] [2019-05-18T05:53:53.653Z] >>> HTTP REQUEST GET https://mobilesdk-pa.googleapis.com/v1/projects/829165358578/clients/_:getWebAppConfig  
 
[debug] [2019-05-18T05:53:53.654Z] >>> HTTP REQUEST GET https://mobilesdk-pa.googleapis.com/v1/projects/829165358578:getServerAppConfig  
 
[debug] [2019-05-18T05:53:54.158Z] <<< HTTP RESPONSE 200
[debug] [2019-05-18T05:53:54.259Z] <<< HTTP RESPONSE 200
[info] ✔  functions: Emulator started at http://localhost:5001
[info] i  functions: Watching "/Users/hxdegawa/Codes/chatter/functions" for Cloud Functions...
[info] i  hosting: Serving hosting files from: public
[info] ✔  hosting: Local server: http://localhost:5000
[debug] [2019-05-18T05:53:54.549Z] Functions runtime initialized.
[debug] [2019-05-18T05:53:54.549Z] Disabled runtime features: {"functions_config_helper":true,"network_filtering":true,"timeout":true,"memory_limiting":true,"protect_env":true,"admin_stubs":true}
[warn] ⚠  The Cloud Functions emulator requires the module "firebase-admin" to be version >7.0.0 so your version is too old. You can probably fix this by running "npm install firebase-admin@latest" in your functions directory.
[info] i  functions: Your functions could not be parsed due to an issue with your node_modules (see above)
[debug] [2019-05-18T05:54:37.466Z] ----------------------------------------------------------------------
[debug] [2019-05-18T05:54:37.468Z] Command:       /Users/hxdegawa/.anyenv/envs/ndenv/versions/10.15.3/bin/node /Users/hxdegawa/.anyenv/envs/ndenv/versions/10.15.3/bin/firebase serve
[debug] [2019-05-18T05:54:37.468Z] CLI Version:   6.9.2
[debug] [2019-05-18T05:54:37.468Z] Platform:      darwin
[debug] [2019-05-18T05:54:37.468Z] Node Version:  v10.15.3
[debug] [2019-05-18T05:54:37.469Z] Time:          Sat May 18 2019 14:54:37 GMT+0900 (GMT+09:00)
[debug] [2019-05-18T05:54:37.469Z] ----------------------------------------------------------------------
[debug] 
[debug] [2019-05-18T05:54:37.475Z] > command requires scopes: ["email","openid","https://www.googleapis.com/auth/cloudplatformprojects.readonly","https://www.googleapis.com/auth/firebase","https://www.googleapis.com/auth/cloud-platform"]
[debug] [2019-05-18T05:54:37.475Z] > authorizing via signed-in user
[debug] [2019-05-18T05:54:37.475Z] [iam] checking project poyoing-bb71d for permissions ["firebase.projects.get"]
[debug] [2019-05-18T05:54:37.476Z] >>> HTTP REQUEST POST https://cloudresourcemanager.googleapis.com/v1/projects/poyoing-bb71d:testIamPermissions  

[debug] [2019-05-18T05:54:38.206Z] <<< HTTP RESPONSE 200
[debug] [2019-05-18T05:54:38.207Z] >>> HTTP REQUEST GET https://cloudresourcemanager.googleapis.com/v1/projects/poyoing-bb71d  
 
[debug] [2019-05-18T05:54:38.951Z] <<< HTTP RESPONSE 200
[info] 
[info] === Serving from '/Users/hxdegawa/Codes/chatter'...
[info] 
[warn] ⚠  Your functions directory does not specify a Node version.
   - Learn more at https://firebase.google.com/docs/functions/manage-functions#set_runtime_options
[debug] [2019-05-18T05:54:38.954Z] >>> HTTP REQUEST GET https://mobilesdk-pa.googleapis.com/v1/projects/829165358578/clients/_:getWebAppConfig  
 
[debug] [2019-05-18T05:54:38.954Z] >>> HTTP REQUEST GET https://mobilesdk-pa.googleapis.com/v1/projects/829165358578:getServerAppConfig  
 
[debug] [2019-05-18T05:54:39.634Z] <<< HTTP RESPONSE 200
[info] ✔  functions: Emulator started at http://localhost:5001
[debug] [2019-05-18T05:54:39.776Z] <<< HTTP RESPONSE 200
[info] i  functions: Watching "/Users/hxdegawa/Codes/chatter/functions" for Cloud Functions...
[info] i  hosting: Serving hosting files from: public
[info] ✔  hosting: Local server: http://localhost:5000
[debug] [2019-05-18T05:54:40.055Z] Functions runtime initialized.
[debug] [2019-05-18T05:54:40.055Z] Disabled runtime features: {"functions_config_helper":true,"network_filtering":true,"timeout":true,"memory_limiting":true,"protect_env":true,"admin_stubs":true}
[warn] ⚠  The Cloud Functions emulator requires the module "firebase-admin" to be version >7.0.0 so your version is too old. You can probably fix this by running "npm install firebase-admin@latest" in your functions directory.
[info] i  functions: Your functions could not be parsed due to an issue with your node_modules (see above)
